[2022-08-27 17:20:10,434] {taskinstance.py:1159} INFO - Dependencies all met for <TaskInstance: example_bash_operator.this_will_skip scheduled__2022-08-26T00:00:00+00:00 [queued]>
[2022-08-27 17:20:10,474] {taskinstance.py:1159} INFO - Dependencies all met for <TaskInstance: example_bash_operator.this_will_skip scheduled__2022-08-26T00:00:00+00:00 [queued]>
[2022-08-27 17:20:10,474] {taskinstance.py:1356} INFO - 
--------------------------------------------------------------------------------
[2022-08-27 17:20:10,474] {taskinstance.py:1357} INFO - Starting attempt 1 of 1
[2022-08-27 17:20:10,474] {taskinstance.py:1358} INFO - 
--------------------------------------------------------------------------------
[2022-08-27 17:20:10,564] {taskinstance.py:1377} INFO - Executing <Task(BashOperator): this_will_skip> on 2022-08-26 00:00:00+00:00
[2022-08-27 17:20:10,602] {standard_task_runner.py:52} INFO - Started process 95 to run task
[2022-08-27 17:20:10,659] {standard_task_runner.py:79} INFO - Running: ['***', 'tasks', 'run', 'example_bash_operator', 'this_will_skip', 'scheduled__2022-08-26T00:00:00+00:00', '--job-id', '41', '--raw', '--subdir', '/home/***/.local/lib/python3.7/site-packages/***/example_dags/example_bash_operator.py', '--cfg-path', '/tmp/tmpent9l15m', '--error-file', '/tmp/tmpenb42ssy']
[2022-08-27 17:20:10,660] {standard_task_runner.py:80} INFO - Job 41: Subtask this_will_skip
[2022-08-27 17:20:11,462] {task_command.py:369} INFO - Running <TaskInstance: example_bash_operator.this_will_skip scheduled__2022-08-26T00:00:00+00:00 [running]> on host 7f0ff65cfbf7
[2022-08-27 17:20:14,958] {taskinstance.py:1571} INFO - Exporting the following env vars:
AIRFLOW_CTX_DAG_OWNER=***
AIRFLOW_CTX_DAG_ID=example_bash_operator
AIRFLOW_CTX_TASK_ID=this_will_skip
AIRFLOW_CTX_EXECUTION_DATE=2022-08-26T00:00:00+00:00
AIRFLOW_CTX_TRY_NUMBER=1
AIRFLOW_CTX_DAG_RUN_ID=scheduled__2022-08-26T00:00:00+00:00
[2022-08-27 17:20:14,960] {subprocess.py:62} INFO - Tmp dir root location: 
 /tmp
[2022-08-27 17:20:15,086] {subprocess.py:74} INFO - Running command: ['bash', '-c', 'echo "hello world"; exit 99;']
[2022-08-27 17:20:15,478] {subprocess.py:85} INFO - Output:
[2022-08-27 17:20:15,629] {subprocess.py:92} INFO - hello world
[2022-08-27 17:20:15,630] {subprocess.py:96} INFO - Command exited with return code 99
[2022-08-27 17:20:15,634] {taskinstance.py:1478} INFO - Bash command returned exit code 99. Skipping.
[2022-08-27 17:20:16,047] {taskinstance.py:1400} INFO - Marking task as SKIPPED. dag_id=example_bash_operator, task_id=this_will_skip, execution_date=20220826T000000, start_date=20220827T172010, end_date=20220827T172016
[2022-08-27 17:20:16,637] {local_task_job.py:221} WARNING - State of this instance has been externally set to skipped. Terminating instance.
[2022-08-27 17:20:16,640] {process_utils.py:129} INFO - Sending Signals.SIGTERM to group 95. PIDs of all processes in the group: [95]
[2022-08-27 17:20:16,729] {process_utils.py:80} INFO - Sending the signal Signals.SIGTERM to group 95
[2022-08-27 17:20:16,897] {process_utils.py:75} INFO - Process psutil.Process(pid=95, status='terminated', exitcode=0, started='17:20:09') (95) terminated with exit code 0
