[2022-08-29 16:20:02,442] {taskinstance.py:1159} INFO - Dependencies all met for <TaskInstance: user_processing.extract_user scheduled__2022-08-28T00:00:00+00:00 [queued]>
[2022-08-29 16:20:02,454] {taskinstance.py:1159} INFO - Dependencies all met for <TaskInstance: user_processing.extract_user scheduled__2022-08-28T00:00:00+00:00 [queued]>
[2022-08-29 16:20:02,455] {taskinstance.py:1356} INFO - 
--------------------------------------------------------------------------------
[2022-08-29 16:20:02,455] {taskinstance.py:1357} INFO - Starting attempt 2 of 2
[2022-08-29 16:20:02,455] {taskinstance.py:1358} INFO - 
--------------------------------------------------------------------------------
[2022-08-29 16:20:02,471] {taskinstance.py:1377} INFO - Executing <Task(SimpleHttpOperator): extract_user> on 2022-08-28 00:00:00+00:00
[2022-08-29 16:20:02,478] {standard_task_runner.py:52} INFO - Started process 3252 to run task
[2022-08-29 16:20:02,484] {standard_task_runner.py:79} INFO - Running: ['***', 'tasks', 'run', 'user_processing', 'extract_user', 'scheduled__2022-08-28T00:00:00+00:00', '--job-id', '100', '--raw', '--subdir', 'DAGS_FOLDER/user_processing.py', '--cfg-path', '/tmp/tmp715_zzo7', '--error-file', '/tmp/tmp1b62j3__']
[2022-08-29 16:20:02,486] {standard_task_runner.py:80} INFO - Job 100: Subtask extract_user
[2022-08-29 16:20:02,561] {task_command.py:369} INFO - Running <TaskInstance: user_processing.extract_user scheduled__2022-08-28T00:00:00+00:00 [running]> on host 7f0ff65cfbf7
[2022-08-29 16:20:02,652] {taskinstance.py:1571} INFO - Exporting the following env vars:
AIRFLOW_CTX_DAG_OWNER=***
AIRFLOW_CTX_DAG_ID=user_processing
AIRFLOW_CTX_TASK_ID=extract_user
AIRFLOW_CTX_EXECUTION_DATE=2022-08-28T00:00:00+00:00
AIRFLOW_CTX_TRY_NUMBER=2
AIRFLOW_CTX_DAG_RUN_ID=scheduled__2022-08-28T00:00:00+00:00
[2022-08-29 16:20:02,653] {http.py:102} INFO - Calling HTTP method
[2022-08-29 16:20:02,665] {base.py:68} INFO - Using connection ID 'user_api' for task execution.
[2022-08-29 16:20:02,667] {http.py:129} INFO - Sending 'GET' to url: https://randomuser.me/api/
[2022-08-29 16:20:02,937] {http.py:106} INFO - {"results":[{"gender":"female","name":{"title":"Mrs","first":"Emily","last":"Garcia"},"location":{"street":{"number":7552,"name":"Richmond Road"},"city":"Armagh","state":"Herefordshire","country":"United Kingdom","postcode":"Y58 7YP","coordinates":{"latitude":"-8.7515","longitude":"10.5461"},"timezone":{"offset":"+3:30","description":"Tehran"}},"email":"emily.garcia@example.com","login":{"uuid":"5459ca07-6357-4175-9a35-647b16c7eabb","username":"goldengoose333","password":"comanche","salt":"mvDgEv3P","md5":"0316cd783e69d96d500813c6a4f5ca34","sha1":"0d3feeb8df6220ea6d22508ef129ca75279c0fd1","sha256":"2a82805d3a324e3ad99326285681f01011211cae0650d0f7a2ede14902165cca"},"dob":{"date":"1972-05-10T22:49:48.520Z","age":50},"registered":{"date":"2016-08-16T13:04:13.308Z","age":6},"phone":"0112100 817 8748","cell":"07282 015393","id":{"name":"NINO","value":"OY 74 08 22 A"},"picture":{"large":"https://randomuser.me/api/portraits/women/11.jpg","medium":"https://randomuser.me/api/portraits/med/women/11.jpg","thumbnail":"https://randomuser.me/api/portraits/thumb/women/11.jpg"},"nat":"GB"}],"info":{"seed":"cba4a016a0fd335c","results":1,"page":1,"version":"1.4"}}
[2022-08-29 16:20:02,972] {taskinstance.py:1400} INFO - Marking task as SUCCESS. dag_id=user_processing, task_id=extract_user, execution_date=20220828T000000, start_date=20220829T162002, end_date=20220829T162002
[2022-08-29 16:20:03,017] {local_task_job.py:156} INFO - Task exited with return code 0
[2022-08-29 16:20:03,076] {local_task_job.py:273} INFO - 1 downstream tasks scheduled from follow-on schedule check
