[2022-08-27 17:20:12,956] {taskinstance.py:1159} INFO - Dependencies all met for <TaskInstance: example_bash_operator.runme_1 scheduled__2022-08-23T00:00:00+00:00 [queued]>
[2022-08-27 17:20:13,291] {taskinstance.py:1159} INFO - Dependencies all met for <TaskInstance: example_bash_operator.runme_1 scheduled__2022-08-23T00:00:00+00:00 [queued]>
[2022-08-27 17:20:13,291] {taskinstance.py:1356} INFO - 
--------------------------------------------------------------------------------
[2022-08-27 17:20:13,291] {taskinstance.py:1357} INFO - Starting attempt 1 of 1
[2022-08-27 17:20:13,292] {taskinstance.py:1358} INFO - 
--------------------------------------------------------------------------------
[2022-08-27 17:20:13,845] {taskinstance.py:1377} INFO - Executing <Task(BashOperator): runme_1> on 2022-08-23 00:00:00+00:00
[2022-08-27 17:20:13,934] {standard_task_runner.py:52} INFO - Started process 104 to run task
[2022-08-27 17:20:14,080] {standard_task_runner.py:79} INFO - Running: ['***', 'tasks', 'run', 'example_bash_operator', 'runme_1', 'scheduled__2022-08-23T00:00:00+00:00', '--job-id', '43', '--raw', '--subdir', '/home/***/.local/lib/python3.7/site-packages/***/example_dags/example_bash_operator.py', '--cfg-path', '/tmp/tmpob73gjtc', '--error-file', '/tmp/tmpp2t1akiw']
[2022-08-27 17:20:14,149] {standard_task_runner.py:80} INFO - Job 43: Subtask runme_1
[2022-08-27 17:20:16,140] {task_command.py:369} INFO - Running <TaskInstance: example_bash_operator.runme_1 scheduled__2022-08-23T00:00:00+00:00 [running]> on host 7f0ff65cfbf7
[2022-08-27 17:20:18,714] {taskinstance.py:1571} INFO - Exporting the following env vars:
AIRFLOW_CTX_DAG_OWNER=***
AIRFLOW_CTX_DAG_ID=example_bash_operator
AIRFLOW_CTX_TASK_ID=runme_1
AIRFLOW_CTX_EXECUTION_DATE=2022-08-23T00:00:00+00:00
AIRFLOW_CTX_TRY_NUMBER=1
AIRFLOW_CTX_DAG_RUN_ID=scheduled__2022-08-23T00:00:00+00:00
[2022-08-27 17:20:18,716] {subprocess.py:62} INFO - Tmp dir root location: 
 /tmp
[2022-08-27 17:20:18,757] {subprocess.py:74} INFO - Running command: ['bash', '-c', 'echo "example_bash_operator__runme_1__20220823" && sleep 1']
[2022-08-27 17:20:19,065] {subprocess.py:85} INFO - Output:
[2022-08-27 17:20:19,139] {subprocess.py:92} INFO - example_bash_operator__runme_1__20220823
[2022-08-27 17:20:20,182] {subprocess.py:96} INFO - Command exited with return code 0
[2022-08-27 17:20:20,412] {taskinstance.py:1400} INFO - Marking task as SUCCESS. dag_id=example_bash_operator, task_id=runme_1, execution_date=20220823T000000, start_date=20220827T172012, end_date=20220827T172020
[2022-08-27 17:20:20,548] {local_task_job.py:156} INFO - Task exited with return code 0
[2022-08-27 17:20:20,739] {local_task_job.py:273} INFO - 1 downstream tasks scheduled from follow-on schedule check
