[2022-08-27 17:20:23,783] {taskinstance.py:1159} INFO - Dependencies all met for <TaskInstance: example_bash_operator.run_after_loop scheduled__2022-08-26T00:00:00+00:00 [queued]>
[2022-08-27 17:20:23,849] {taskinstance.py:1159} INFO - Dependencies all met for <TaskInstance: example_bash_operator.run_after_loop scheduled__2022-08-26T00:00:00+00:00 [queued]>
[2022-08-27 17:20:23,849] {taskinstance.py:1356} INFO - 
--------------------------------------------------------------------------------
[2022-08-27 17:20:23,849] {taskinstance.py:1357} INFO - Starting attempt 1 of 1
[2022-08-27 17:20:23,849] {taskinstance.py:1358} INFO - 
--------------------------------------------------------------------------------
[2022-08-27 17:20:23,950] {taskinstance.py:1377} INFO - Executing <Task(BashOperator): run_after_loop> on 2022-08-26 00:00:00+00:00
[2022-08-27 17:20:23,977] {standard_task_runner.py:52} INFO - Started process 126 to run task
[2022-08-27 17:20:23,988] {standard_task_runner.py:79} INFO - Running: ['***', 'tasks', 'run', 'example_bash_operator', 'run_after_loop', 'scheduled__2022-08-26T00:00:00+00:00', '--job-id', '48', '--raw', '--subdir', '/home/***/.local/lib/python3.7/site-packages/***/example_dags/example_bash_operator.py', '--cfg-path', '/tmp/tmpqg72yse5', '--error-file', '/tmp/tmpihx1sdrt']
[2022-08-27 17:20:24,005] {standard_task_runner.py:80} INFO - Job 48: Subtask run_after_loop
[2022-08-27 17:20:24,320] {task_command.py:369} INFO - Running <TaskInstance: example_bash_operator.run_after_loop scheduled__2022-08-26T00:00:00+00:00 [running]> on host 7f0ff65cfbf7
[2022-08-27 17:20:24,711] {taskinstance.py:1571} INFO - Exporting the following env vars:
AIRFLOW_CTX_DAG_OWNER=***
AIRFLOW_CTX_DAG_ID=example_bash_operator
AIRFLOW_CTX_TASK_ID=run_after_loop
AIRFLOW_CTX_EXECUTION_DATE=2022-08-26T00:00:00+00:00
AIRFLOW_CTX_TRY_NUMBER=1
AIRFLOW_CTX_DAG_RUN_ID=scheduled__2022-08-26T00:00:00+00:00
[2022-08-27 17:20:24,713] {subprocess.py:62} INFO - Tmp dir root location: 
 /tmp
[2022-08-27 17:20:24,714] {subprocess.py:74} INFO - Running command: ['bash', '-c', 'echo 1']
[2022-08-27 17:20:24,785] {subprocess.py:85} INFO - Output:
[2022-08-27 17:20:24,796] {subprocess.py:92} INFO - 1
[2022-08-27 17:20:24,809] {subprocess.py:96} INFO - Command exited with return code 0
[2022-08-27 17:20:24,947] {taskinstance.py:1400} INFO - Marking task as SUCCESS. dag_id=example_bash_operator, task_id=run_after_loop, execution_date=20220826T000000, start_date=20220827T172023, end_date=20220827T172024
[2022-08-27 17:20:25,002] {local_task_job.py:156} INFO - Task exited with return code 0
[2022-08-27 17:20:25,079] {local_task_job.py:273} INFO - 0 downstream tasks scheduled from follow-on schedule check
