[2022-08-27 17:20:12,561] {taskinstance.py:1159} INFO - Dependencies all met for <TaskInstance: example_bash_operator.runme_1 scheduled__2022-08-26T00:00:00+00:00 [queued]>
[2022-08-27 17:20:13,033] {taskinstance.py:1159} INFO - Dependencies all met for <TaskInstance: example_bash_operator.runme_1 scheduled__2022-08-26T00:00:00+00:00 [queued]>
[2022-08-27 17:20:13,033] {taskinstance.py:1356} INFO - 
--------------------------------------------------------------------------------
[2022-08-27 17:20:13,033] {taskinstance.py:1357} INFO - Starting attempt 1 of 1
[2022-08-27 17:20:13,033] {taskinstance.py:1358} INFO - 
--------------------------------------------------------------------------------
[2022-08-27 17:20:13,461] {taskinstance.py:1377} INFO - Executing <Task(BashOperator): runme_1> on 2022-08-26 00:00:00+00:00
[2022-08-27 17:20:13,528] {standard_task_runner.py:52} INFO - Started process 103 to run task
[2022-08-27 17:20:13,718] {standard_task_runner.py:79} INFO - Running: ['***', 'tasks', 'run', 'example_bash_operator', 'runme_1', 'scheduled__2022-08-26T00:00:00+00:00', '--job-id', '44', '--raw', '--subdir', '/home/***/.local/lib/python3.7/site-packages/***/example_dags/example_bash_operator.py', '--cfg-path', '/tmp/tmp5431tegs', '--error-file', '/tmp/tmpj2871i0g']
[2022-08-27 17:20:13,719] {standard_task_runner.py:80} INFO - Job 44: Subtask runme_1
[2022-08-27 17:20:15,822] {task_command.py:369} INFO - Running <TaskInstance: example_bash_operator.runme_1 scheduled__2022-08-26T00:00:00+00:00 [running]> on host 7f0ff65cfbf7
[2022-08-27 17:20:18,420] {taskinstance.py:1571} INFO - Exporting the following env vars:
AIRFLOW_CTX_DAG_OWNER=***
AIRFLOW_CTX_DAG_ID=example_bash_operator
AIRFLOW_CTX_TASK_ID=runme_1
AIRFLOW_CTX_EXECUTION_DATE=2022-08-26T00:00:00+00:00
AIRFLOW_CTX_TRY_NUMBER=1
AIRFLOW_CTX_DAG_RUN_ID=scheduled__2022-08-26T00:00:00+00:00
[2022-08-27 17:20:18,422] {subprocess.py:62} INFO - Tmp dir root location: 
 /tmp
[2022-08-27 17:20:18,445] {subprocess.py:74} INFO - Running command: ['bash', '-c', 'echo "example_bash_operator__runme_1__20220826" && sleep 1']
[2022-08-27 17:20:18,629] {subprocess.py:85} INFO - Output:
[2022-08-27 17:20:18,855] {subprocess.py:92} INFO - example_bash_operator__runme_1__20220826
[2022-08-27 17:20:19,937] {subprocess.py:96} INFO - Command exited with return code 0
[2022-08-27 17:20:20,235] {taskinstance.py:1400} INFO - Marking task as SUCCESS. dag_id=example_bash_operator, task_id=runme_1, execution_date=20220826T000000, start_date=20220827T172012, end_date=20220827T172020
[2022-08-27 17:20:20,421] {local_task_job.py:156} INFO - Task exited with return code 0
[2022-08-27 17:20:20,606] {local_task_job.py:273} INFO - 1 downstream tasks scheduled from follow-on schedule check
