[2022-08-22 03:33:30,611] {taskinstance.py:1159} INFO - Dependencies all met for <TaskInstance: example_bash_operator.runme_1 scheduled__2022-08-21T00:00:00+00:00 [queued]>
[2022-08-22 03:33:30,627] {taskinstance.py:1159} INFO - Dependencies all met for <TaskInstance: example_bash_operator.runme_1 scheduled__2022-08-21T00:00:00+00:00 [queued]>
[2022-08-22 03:33:30,627] {taskinstance.py:1356} INFO - 
--------------------------------------------------------------------------------
[2022-08-22 03:33:30,627] {taskinstance.py:1357} INFO - Starting attempt 1 of 1
[2022-08-22 03:33:30,627] {taskinstance.py:1358} INFO - 
--------------------------------------------------------------------------------
[2022-08-22 03:33:30,669] {taskinstance.py:1377} INFO - Executing <Task(BashOperator): runme_1> on 2022-08-21 00:00:00+00:00
[2022-08-22 03:33:30,680] {standard_task_runner.py:52} INFO - Started process 64 to run task
[2022-08-22 03:33:30,695] {standard_task_runner.py:79} INFO - Running: ['***', 'tasks', 'run', 'example_bash_operator', 'runme_1', 'scheduled__2022-08-21T00:00:00+00:00', '--job-id', '11', '--raw', '--subdir', '/home/***/.local/lib/python3.7/site-packages/***/example_dags/example_bash_operator.py', '--cfg-path', '/tmp/tmp92fgabt1', '--error-file', '/tmp/tmpuvu2_s4c']
[2022-08-22 03:33:30,696] {standard_task_runner.py:80} INFO - Job 11: Subtask runme_1
[2022-08-22 03:33:30,923] {task_command.py:369} INFO - Running <TaskInstance: example_bash_operator.runme_1 scheduled__2022-08-21T00:00:00+00:00 [running]> on host 7f0ff65cfbf7
[2022-08-22 03:33:31,357] {taskinstance.py:1571} INFO - Exporting the following env vars:
AIRFLOW_CTX_DAG_OWNER=***
AIRFLOW_CTX_DAG_ID=example_bash_operator
AIRFLOW_CTX_TASK_ID=runme_1
AIRFLOW_CTX_EXECUTION_DATE=2022-08-21T00:00:00+00:00
AIRFLOW_CTX_TRY_NUMBER=1
AIRFLOW_CTX_DAG_RUN_ID=scheduled__2022-08-21T00:00:00+00:00
[2022-08-22 03:33:31,359] {subprocess.py:62} INFO - Tmp dir root location: 
 /tmp
[2022-08-22 03:33:31,360] {subprocess.py:74} INFO - Running command: ['bash', '-c', 'echo "example_bash_operator__runme_1__20220821" && sleep 1']
[2022-08-22 03:33:31,439] {subprocess.py:85} INFO - Output:
[2022-08-22 03:33:31,455] {subprocess.py:92} INFO - example_bash_operator__runme_1__20220821
[2022-08-22 03:33:32,467] {subprocess.py:96} INFO - Command exited with return code 0
[2022-08-22 03:33:32,503] {taskinstance.py:1400} INFO - Marking task as SUCCESS. dag_id=example_bash_operator, task_id=runme_1, execution_date=20220821T000000, start_date=20220822T033330, end_date=20220822T033332
[2022-08-22 03:33:32,564] {local_task_job.py:156} INFO - Task exited with return code 0
[2022-08-22 03:33:32,626] {local_task_job.py:273} INFO - 0 downstream tasks scheduled from follow-on schedule check
