[2022-08-23 03:16:51,566] {taskinstance.py:1159} INFO - Dependencies all met for <TaskInstance: example_bash_operator.run_after_loop scheduled__2022-08-22T00:00:00+00:00 [queued]>
[2022-08-23 03:16:51,615] {taskinstance.py:1159} INFO - Dependencies all met for <TaskInstance: example_bash_operator.run_after_loop scheduled__2022-08-22T00:00:00+00:00 [queued]>
[2022-08-23 03:16:51,615] {taskinstance.py:1356} INFO - 
--------------------------------------------------------------------------------
[2022-08-23 03:16:51,615] {taskinstance.py:1357} INFO - Starting attempt 1 of 1
[2022-08-23 03:16:51,616] {taskinstance.py:1358} INFO - 
--------------------------------------------------------------------------------
[2022-08-23 03:16:51,680] {taskinstance.py:1377} INFO - Executing <Task(BashOperator): run_after_loop> on 2022-08-22 00:00:00+00:00
[2022-08-23 03:16:51,701] {standard_task_runner.py:52} INFO - Started process 99 to run task
[2022-08-23 03:16:51,726] {standard_task_runner.py:79} INFO - Running: ['***', 'tasks', 'run', 'example_bash_operator', 'run_after_loop', 'scheduled__2022-08-22T00:00:00+00:00', '--job-id', '34', '--raw', '--subdir', '/home/***/.local/lib/python3.7/site-packages/***/example_dags/example_bash_operator.py', '--cfg-path', '/tmp/tmphhmh9ubl', '--error-file', '/tmp/tmpuqvrzgj6']
[2022-08-23 03:16:51,727] {standard_task_runner.py:80} INFO - Job 34: Subtask run_after_loop
[2022-08-23 03:16:51,936] {task_command.py:369} INFO - Running <TaskInstance: example_bash_operator.run_after_loop scheduled__2022-08-22T00:00:00+00:00 [running]> on host 7f0ff65cfbf7
[2022-08-23 03:16:52,240] {taskinstance.py:1571} INFO - Exporting the following env vars:
AIRFLOW_CTX_DAG_OWNER=***
AIRFLOW_CTX_DAG_ID=example_bash_operator
AIRFLOW_CTX_TASK_ID=run_after_loop
AIRFLOW_CTX_EXECUTION_DATE=2022-08-22T00:00:00+00:00
AIRFLOW_CTX_TRY_NUMBER=1
AIRFLOW_CTX_DAG_RUN_ID=scheduled__2022-08-22T00:00:00+00:00
[2022-08-23 03:16:52,241] {subprocess.py:62} INFO - Tmp dir root location: 
 /tmp
[2022-08-23 03:16:52,254] {subprocess.py:74} INFO - Running command: ['bash', '-c', 'echo 1']
[2022-08-23 03:16:52,284] {subprocess.py:85} INFO - Output:
[2022-08-23 03:16:52,293] {subprocess.py:92} INFO - 1
[2022-08-23 03:16:52,306] {subprocess.py:96} INFO - Command exited with return code 0
[2022-08-23 03:16:52,420] {taskinstance.py:1400} INFO - Marking task as SUCCESS. dag_id=example_bash_operator, task_id=run_after_loop, execution_date=20220822T000000, start_date=20220823T031651, end_date=20220823T031652
[2022-08-23 03:16:52,490] {local_task_job.py:156} INFO - Task exited with return code 0
[2022-08-23 03:16:52,622] {local_task_job.py:273} INFO - 0 downstream tasks scheduled from follow-on schedule check
