[2022-08-29 00:00:03,977] {taskinstance.py:1159} INFO - Dependencies all met for <TaskInstance: example_bash_operator.runme_0 scheduled__2022-08-28T00:00:00+00:00 [queued]>
[2022-08-29 00:00:04,032] {taskinstance.py:1159} INFO - Dependencies all met for <TaskInstance: example_bash_operator.runme_0 scheduled__2022-08-28T00:00:00+00:00 [queued]>
[2022-08-29 00:00:04,032] {taskinstance.py:1356} INFO - 
--------------------------------------------------------------------------------
[2022-08-29 00:00:04,032] {taskinstance.py:1357} INFO - Starting attempt 1 of 1
[2022-08-29 00:00:04,032] {taskinstance.py:1358} INFO - 
--------------------------------------------------------------------------------
[2022-08-29 00:00:04,120] {taskinstance.py:1377} INFO - Executing <Task(BashOperator): runme_0> on 2022-08-28 00:00:00+00:00
[2022-08-29 00:00:04,155] {standard_task_runner.py:52} INFO - Started process 28081 to run task
[2022-08-29 00:00:04,190] {standard_task_runner.py:79} INFO - Running: ['***', 'tasks', 'run', 'example_bash_operator', 'runme_0', 'scheduled__2022-08-28T00:00:00+00:00', '--job-id', '80', '--raw', '--subdir', '/home/***/.local/lib/python3.7/site-packages/***/example_dags/example_bash_operator.py', '--cfg-path', '/tmp/tmp688der74', '--error-file', '/tmp/tmprt1ion1u']
[2022-08-29 00:00:04,191] {standard_task_runner.py:80} INFO - Job 80: Subtask runme_0
[2022-08-29 00:00:04,583] {task_command.py:369} INFO - Running <TaskInstance: example_bash_operator.runme_0 scheduled__2022-08-28T00:00:00+00:00 [running]> on host 7f0ff65cfbf7
[2022-08-29 00:00:05,153] {taskinstance.py:1571} INFO - Exporting the following env vars:
AIRFLOW_CTX_DAG_OWNER=***
AIRFLOW_CTX_DAG_ID=example_bash_operator
AIRFLOW_CTX_TASK_ID=runme_0
AIRFLOW_CTX_EXECUTION_DATE=2022-08-28T00:00:00+00:00
AIRFLOW_CTX_TRY_NUMBER=1
AIRFLOW_CTX_DAG_RUN_ID=scheduled__2022-08-28T00:00:00+00:00
[2022-08-29 00:00:05,155] {subprocess.py:62} INFO - Tmp dir root location: 
 /tmp
[2022-08-29 00:00:05,156] {subprocess.py:74} INFO - Running command: ['bash', '-c', 'echo "example_bash_operator__runme_0__20220828" && sleep 1']
[2022-08-29 00:00:05,192] {subprocess.py:85} INFO - Output:
[2022-08-29 00:00:05,198] {subprocess.py:92} INFO - example_bash_operator__runme_0__20220828
[2022-08-29 00:00:06,231] {subprocess.py:96} INFO - Command exited with return code 0
[2022-08-29 00:00:06,304] {taskinstance.py:1400} INFO - Marking task as SUCCESS. dag_id=example_bash_operator, task_id=runme_0, execution_date=20220828T000000, start_date=20220829T000003, end_date=20220829T000006
[2022-08-29 00:00:06,368] {local_task_job.py:156} INFO - Task exited with return code 0
[2022-08-29 00:00:06,527] {local_task_job.py:273} INFO - 0 downstream tasks scheduled from follow-on schedule check
