[2022-08-28 07:14:46,587] {taskinstance.py:1159} INFO - Dependencies all met for <TaskInstance: example_bash_operator.runme_2 scheduled__2022-08-27T00:00:00+00:00 [queued]>
[2022-08-28 07:14:46,639] {taskinstance.py:1159} INFO - Dependencies all met for <TaskInstance: example_bash_operator.runme_2 scheduled__2022-08-27T00:00:00+00:00 [queued]>
[2022-08-28 07:14:46,639] {taskinstance.py:1356} INFO - 
--------------------------------------------------------------------------------
[2022-08-28 07:14:46,640] {taskinstance.py:1357} INFO - Starting attempt 1 of 1
[2022-08-28 07:14:46,640] {taskinstance.py:1358} INFO - 
--------------------------------------------------------------------------------
[2022-08-28 07:14:46,740] {taskinstance.py:1377} INFO - Executing <Task(BashOperator): runme_2> on 2022-08-27 00:00:00+00:00
[2022-08-28 07:14:46,775] {standard_task_runner.py:52} INFO - Started process 64 to run task
[2022-08-28 07:14:46,830] {standard_task_runner.py:79} INFO - Running: ['***', 'tasks', 'run', 'example_bash_operator', 'runme_2', 'scheduled__2022-08-27T00:00:00+00:00', '--job-id', '74', '--raw', '--subdir', '/home/***/.local/lib/python3.7/site-packages/***/example_dags/example_bash_operator.py', '--cfg-path', '/tmp/tmpg8otw3wh', '--error-file', '/tmp/tmpfvfgu7ka']
[2022-08-28 07:14:46,833] {standard_task_runner.py:80} INFO - Job 74: Subtask runme_2
[2022-08-28 07:14:47,210] {task_command.py:369} INFO - Running <TaskInstance: example_bash_operator.runme_2 scheduled__2022-08-27T00:00:00+00:00 [running]> on host 7f0ff65cfbf7
[2022-08-28 07:14:47,640] {taskinstance.py:1571} INFO - Exporting the following env vars:
AIRFLOW_CTX_DAG_OWNER=***
AIRFLOW_CTX_DAG_ID=example_bash_operator
AIRFLOW_CTX_TASK_ID=runme_2
AIRFLOW_CTX_EXECUTION_DATE=2022-08-27T00:00:00+00:00
AIRFLOW_CTX_TRY_NUMBER=1
AIRFLOW_CTX_DAG_RUN_ID=scheduled__2022-08-27T00:00:00+00:00
[2022-08-28 07:14:47,641] {subprocess.py:62} INFO - Tmp dir root location: 
 /tmp
[2022-08-28 07:14:47,669] {subprocess.py:74} INFO - Running command: ['bash', '-c', 'echo "example_bash_operator__runme_2__20220827" && sleep 1']
[2022-08-28 07:14:47,711] {subprocess.py:85} INFO - Output:
[2022-08-28 07:14:47,723] {subprocess.py:92} INFO - example_bash_operator__runme_2__20220827
[2022-08-28 07:14:48,726] {subprocess.py:96} INFO - Command exited with return code 0
[2022-08-28 07:14:48,799] {taskinstance.py:1400} INFO - Marking task as SUCCESS. dag_id=example_bash_operator, task_id=runme_2, execution_date=20220827T000000, start_date=20220828T071446, end_date=20220828T071448
[2022-08-28 07:14:48,825] {local_task_job.py:156} INFO - Task exited with return code 0
[2022-08-28 07:14:48,907] {local_task_job.py:273} INFO - 0 downstream tasks scheduled from follow-on schedule check
