[2022-08-27 17:20:11,803] {taskinstance.py:1159} INFO - Dependencies all met for <TaskInstance: example_bash_operator.runme_0 scheduled__2022-08-23T00:00:00+00:00 [queued]>
[2022-08-27 17:20:12,097] {taskinstance.py:1159} INFO - Dependencies all met for <TaskInstance: example_bash_operator.runme_0 scheduled__2022-08-23T00:00:00+00:00 [queued]>
[2022-08-27 17:20:12,097] {taskinstance.py:1356} INFO - 
--------------------------------------------------------------------------------
[2022-08-27 17:20:12,097] {taskinstance.py:1357} INFO - Starting attempt 1 of 1
[2022-08-27 17:20:12,097] {taskinstance.py:1358} INFO - 
--------------------------------------------------------------------------------
[2022-08-27 17:20:12,655] {taskinstance.py:1377} INFO - Executing <Task(BashOperator): runme_0> on 2022-08-23 00:00:00+00:00
[2022-08-27 17:20:12,861] {standard_task_runner.py:52} INFO - Started process 101 to run task
[2022-08-27 17:20:13,070] {standard_task_runner.py:79} INFO - Running: ['***', 'tasks', 'run', 'example_bash_operator', 'runme_0', 'scheduled__2022-08-23T00:00:00+00:00', '--job-id', '40', '--raw', '--subdir', '/home/***/.local/lib/python3.7/site-packages/***/example_dags/example_bash_operator.py', '--cfg-path', '/tmp/tmppmgb3fef', '--error-file', '/tmp/tmp4_cfg7nc']
[2022-08-27 17:20:13,070] {standard_task_runner.py:80} INFO - Job 40: Subtask runme_0
[2022-08-27 17:20:14,749] {task_command.py:369} INFO - Running <TaskInstance: example_bash_operator.runme_0 scheduled__2022-08-23T00:00:00+00:00 [running]> on host 7f0ff65cfbf7
[2022-08-27 17:20:17,720] {taskinstance.py:1571} INFO - Exporting the following env vars:
AIRFLOW_CTX_DAG_OWNER=***
AIRFLOW_CTX_DAG_ID=example_bash_operator
AIRFLOW_CTX_TASK_ID=runme_0
AIRFLOW_CTX_EXECUTION_DATE=2022-08-23T00:00:00+00:00
AIRFLOW_CTX_TRY_NUMBER=1
AIRFLOW_CTX_DAG_RUN_ID=scheduled__2022-08-23T00:00:00+00:00
[2022-08-27 17:20:17,723] {subprocess.py:62} INFO - Tmp dir root location: 
 /tmp
[2022-08-27 17:20:17,724] {subprocess.py:74} INFO - Running command: ['bash', '-c', 'echo "example_bash_operator__runme_0__20220823" && sleep 1']
[2022-08-27 17:20:17,992] {subprocess.py:85} INFO - Output:
[2022-08-27 17:20:18,078] {subprocess.py:92} INFO - example_bash_operator__runme_0__20220823
[2022-08-27 17:20:19,114] {subprocess.py:96} INFO - Command exited with return code 0
[2022-08-27 17:20:19,600] {taskinstance.py:1400} INFO - Marking task as SUCCESS. dag_id=example_bash_operator, task_id=runme_0, execution_date=20220823T000000, start_date=20220827T172011, end_date=20220827T172019
[2022-08-27 17:20:19,877] {local_task_job.py:156} INFO - Task exited with return code 0
[2022-08-27 17:20:20,189] {local_task_job.py:273} INFO - 0 downstream tasks scheduled from follow-on schedule check
