[2022-08-27 17:19:56,383] {processor.py:153} INFO - Started process (PID=82) to work on /home/airflow/.local/lib/python3.7/site-packages/airflow/example_dags/example_xcom.py
[2022-08-27 17:19:56,402] {processor.py:641} INFO - Processing file /home/airflow/.local/lib/python3.7/site-packages/airflow/example_dags/example_xcom.py for tasks to queue
[2022-08-27 17:19:56,403] {logging_mixin.py:115} INFO - [2022-08-27 17:19:56,403] {dagbag.py:507} INFO - Filling up the DagBag from /home/airflow/.local/lib/python3.7/site-packages/airflow/example_dags/example_xcom.py
[2022-08-27 17:19:56,585] {processor.py:651} INFO - DAG(s) dict_keys(['example_xcom']) retrieved from /home/airflow/.local/lib/python3.7/site-packages/airflow/example_dags/example_xcom.py
[2022-08-27 17:19:57,025] {logging_mixin.py:115} INFO - [2022-08-27 17:19:57,025] {dag.py:2371} INFO - Sync 1 DAGs
[2022-08-27 17:19:57,206] {logging_mixin.py:115} INFO - [2022-08-27 17:19:57,205] {dag.py:2919} INFO - Setting next_dagrun for example_xcom to 2021-01-01T00:00:00+00:00, run_after=2021-01-01T00:00:00+00:00
[2022-08-27 17:19:58,183] {processor.py:161} INFO - Processing /home/airflow/.local/lib/python3.7/site-packages/airflow/example_dags/example_xcom.py took 1.846 seconds
[2022-08-27 17:20:28,807] {processor.py:153} INFO - Started process (PID=133) to work on /home/airflow/.local/lib/python3.7/site-packages/airflow/example_dags/example_xcom.py
[2022-08-27 17:20:28,808] {processor.py:641} INFO - Processing file /home/airflow/.local/lib/python3.7/site-packages/airflow/example_dags/example_xcom.py for tasks to queue
[2022-08-27 17:20:28,809] {logging_mixin.py:115} INFO - [2022-08-27 17:20:28,809] {dagbag.py:507} INFO - Filling up the DagBag from /home/airflow/.local/lib/python3.7/site-packages/airflow/example_dags/example_xcom.py
[2022-08-27 17:20:28,836] {processor.py:651} INFO - DAG(s) dict_keys(['example_xcom']) retrieved from /home/airflow/.local/lib/python3.7/site-packages/airflow/example_dags/example_xcom.py
[2022-08-27 17:20:28,916] {logging_mixin.py:115} INFO - [2022-08-27 17:20:28,916] {dag.py:2371} INFO - Sync 1 DAGs
[2022-08-27 17:20:28,940] {logging_mixin.py:115} INFO - [2022-08-27 17:20:28,940] {dag.py:2919} INFO - Setting next_dagrun for example_xcom to 2021-01-01T00:00:00+00:00, run_after=2021-01-01T00:00:00+00:00
[2022-08-27 17:20:29,106] {processor.py:161} INFO - Processing /home/airflow/.local/lib/python3.7/site-packages/airflow/example_dags/example_xcom.py took 0.303 seconds
[2022-08-27 17:20:59,219] {processor.py:153} INFO - Started process (PID=183) to work on /home/airflow/.local/lib/python3.7/site-packages/airflow/example_dags/example_xcom.py
[2022-08-27 17:20:59,221] {processor.py:641} INFO - Processing file /home/airflow/.local/lib/python3.7/site-packages/airflow/example_dags/example_xcom.py for tasks to queue
[2022-08-27 17:20:59,222] {logging_mixin.py:115} INFO - [2022-08-27 17:20:59,222] {dagbag.py:507} INFO - Filling up the DagBag from /home/airflow/.local/lib/python3.7/site-packages/airflow/example_dags/example_xcom.py
[2022-08-27 17:20:59,252] {processor.py:651} INFO - DAG(s) dict_keys(['example_xcom']) retrieved from /home/airflow/.local/lib/python3.7/site-packages/airflow/example_dags/example_xcom.py
[2022-08-27 17:20:59,330] {logging_mixin.py:115} INFO - [2022-08-27 17:20:59,330] {dag.py:2371} INFO - Sync 1 DAGs
[2022-08-27 17:20:59,353] {logging_mixin.py:115} INFO - [2022-08-27 17:20:59,353] {dag.py:2919} INFO - Setting next_dagrun for example_xcom to 2021-01-01T00:00:00+00:00, run_after=2021-01-01T00:00:00+00:00
[2022-08-27 17:20:59,517] {processor.py:161} INFO - Processing /home/airflow/.local/lib/python3.7/site-packages/airflow/example_dags/example_xcom.py took 0.303 seconds
[2022-08-27 17:21:29,646] {processor.py:153} INFO - Started process (PID=244) to work on /home/airflow/.local/lib/python3.7/site-packages/airflow/example_dags/example_xcom.py
[2022-08-27 17:21:29,647] {processor.py:641} INFO - Processing file /home/airflow/.local/lib/python3.7/site-packages/airflow/example_dags/example_xcom.py for tasks to queue
[2022-08-27 17:21:29,648] {logging_mixin.py:115} INFO - [2022-08-27 17:21:29,648] {dagbag.py:507} INFO - Filling up the DagBag from /home/airflow/.local/lib/python3.7/site-packages/airflow/example_dags/example_xcom.py
[2022-08-27 17:21:29,723] {processor.py:651} INFO - DAG(s) dict_keys(['example_xcom']) retrieved from /home/airflow/.local/lib/python3.7/site-packages/airflow/example_dags/example_xcom.py
[2022-08-27 17:21:29,883] {logging_mixin.py:115} INFO - [2022-08-27 17:21:29,883] {dag.py:2371} INFO - Sync 1 DAGs
[2022-08-27 17:21:29,918] {logging_mixin.py:115} INFO - [2022-08-27 17:21:29,918] {dag.py:2919} INFO - Setting next_dagrun for example_xcom to 2021-01-01T00:00:00+00:00, run_after=2021-01-01T00:00:00+00:00
[2022-08-27 17:21:30,351] {processor.py:161} INFO - Processing /home/airflow/.local/lib/python3.7/site-packages/airflow/example_dags/example_xcom.py took 0.719 seconds
[2022-08-27 17:22:00,625] {processor.py:153} INFO - Started process (PID=305) to work on /home/airflow/.local/lib/python3.7/site-packages/airflow/example_dags/example_xcom.py
[2022-08-27 17:22:00,627] {processor.py:641} INFO - Processing file /home/airflow/.local/lib/python3.7/site-packages/airflow/example_dags/example_xcom.py for tasks to queue
[2022-08-27 17:22:00,628] {logging_mixin.py:115} INFO - [2022-08-27 17:22:00,628] {dagbag.py:507} INFO - Filling up the DagBag from /home/airflow/.local/lib/python3.7/site-packages/airflow/example_dags/example_xcom.py
[2022-08-27 17:22:00,665] {processor.py:651} INFO - DAG(s) dict_keys(['example_xcom']) retrieved from /home/airflow/.local/lib/python3.7/site-packages/airflow/example_dags/example_xcom.py
[2022-08-27 17:22:00,800] {logging_mixin.py:115} INFO - [2022-08-27 17:22:00,799] {dag.py:2371} INFO - Sync 1 DAGs
[2022-08-27 17:22:00,835] {logging_mixin.py:115} INFO - [2022-08-27 17:22:00,835] {dag.py:2919} INFO - Setting next_dagrun for example_xcom to 2021-01-01T00:00:00+00:00, run_after=2021-01-01T00:00:00+00:00
[2022-08-27 17:22:01,072] {processor.py:161} INFO - Processing /home/airflow/.local/lib/python3.7/site-packages/airflow/example_dags/example_xcom.py took 0.452 seconds
