[2022-08-27 17:19:52,176] {processor.py:153} INFO - Started process (PID=74) to work on /home/airflow/.local/lib/python3.7/site-packages/airflow/example_dags/example_latest_only.py
[2022-08-27 17:19:52,207] {processor.py:641} INFO - Processing file /home/airflow/.local/lib/python3.7/site-packages/airflow/example_dags/example_latest_only.py for tasks to queue
[2022-08-27 17:19:52,208] {logging_mixin.py:115} INFO - [2022-08-27 17:19:52,207] {dagbag.py:507} INFO - Filling up the DagBag from /home/airflow/.local/lib/python3.7/site-packages/airflow/example_dags/example_latest_only.py
[2022-08-27 17:19:52,307] {processor.py:651} INFO - DAG(s) dict_keys(['latest_only']) retrieved from /home/airflow/.local/lib/python3.7/site-packages/airflow/example_dags/example_latest_only.py
[2022-08-27 17:19:52,618] {logging_mixin.py:115} INFO - [2022-08-27 17:19:52,618] {dag.py:2371} INFO - Sync 1 DAGs
[2022-08-27 17:19:52,921] {logging_mixin.py:115} INFO - [2022-08-27 17:19:52,921] {dag.py:2919} INFO - Setting next_dagrun for latest_only to 2022-08-27T13:19:52.921354+00:00, run_after=2022-08-27T17:19:52.921354+00:00
[2022-08-27 17:19:53,006] {processor.py:161} INFO - Processing /home/airflow/.local/lib/python3.7/site-packages/airflow/example_dags/example_latest_only.py took 0.902 seconds
[2022-08-27 17:20:23,688] {processor.py:153} INFO - Started process (PID=124) to work on /home/airflow/.local/lib/python3.7/site-packages/airflow/example_dags/example_latest_only.py
[2022-08-27 17:20:23,701] {processor.py:641} INFO - Processing file /home/airflow/.local/lib/python3.7/site-packages/airflow/example_dags/example_latest_only.py for tasks to queue
[2022-08-27 17:20:23,702] {logging_mixin.py:115} INFO - [2022-08-27 17:20:23,702] {dagbag.py:507} INFO - Filling up the DagBag from /home/airflow/.local/lib/python3.7/site-packages/airflow/example_dags/example_latest_only.py
[2022-08-27 17:20:23,756] {processor.py:651} INFO - DAG(s) dict_keys(['latest_only']) retrieved from /home/airflow/.local/lib/python3.7/site-packages/airflow/example_dags/example_latest_only.py
[2022-08-27 17:20:23,909] {logging_mixin.py:115} INFO - [2022-08-27 17:20:23,909] {dag.py:2371} INFO - Sync 1 DAGs
[2022-08-27 17:20:24,034] {logging_mixin.py:115} INFO - [2022-08-27 17:20:24,034] {dag.py:2919} INFO - Setting next_dagrun for latest_only to 2022-08-27T13:20:24.033877+00:00, run_after=2022-08-27T17:20:24.033877+00:00
[2022-08-27 17:20:24,122] {processor.py:161} INFO - Processing /home/airflow/.local/lib/python3.7/site-packages/airflow/example_dags/example_latest_only.py took 0.451 seconds
[2022-08-27 17:20:54,392] {processor.py:153} INFO - Started process (PID=174) to work on /home/airflow/.local/lib/python3.7/site-packages/airflow/example_dags/example_latest_only.py
[2022-08-27 17:20:54,393] {processor.py:641} INFO - Processing file /home/airflow/.local/lib/python3.7/site-packages/airflow/example_dags/example_latest_only.py for tasks to queue
[2022-08-27 17:20:54,394] {logging_mixin.py:115} INFO - [2022-08-27 17:20:54,394] {dagbag.py:507} INFO - Filling up the DagBag from /home/airflow/.local/lib/python3.7/site-packages/airflow/example_dags/example_latest_only.py
[2022-08-27 17:20:54,410] {processor.py:651} INFO - DAG(s) dict_keys(['latest_only']) retrieved from /home/airflow/.local/lib/python3.7/site-packages/airflow/example_dags/example_latest_only.py
[2022-08-27 17:20:54,453] {logging_mixin.py:115} INFO - [2022-08-27 17:20:54,453] {dag.py:2371} INFO - Sync 1 DAGs
[2022-08-27 17:20:54,495] {logging_mixin.py:115} INFO - [2022-08-27 17:20:54,495] {dag.py:2919} INFO - Setting next_dagrun for latest_only to 2022-08-27T13:20:54.494855+00:00, run_after=2022-08-27T17:20:54.494855+00:00
[2022-08-27 17:20:54,521] {processor.py:161} INFO - Processing /home/airflow/.local/lib/python3.7/site-packages/airflow/example_dags/example_latest_only.py took 0.135 seconds
[2022-08-27 17:21:25,483] {processor.py:153} INFO - Started process (PID=235) to work on /home/airflow/.local/lib/python3.7/site-packages/airflow/example_dags/example_latest_only.py
[2022-08-27 17:21:25,487] {processor.py:641} INFO - Processing file /home/airflow/.local/lib/python3.7/site-packages/airflow/example_dags/example_latest_only.py for tasks to queue
[2022-08-27 17:21:25,488] {logging_mixin.py:115} INFO - [2022-08-27 17:21:25,488] {dagbag.py:507} INFO - Filling up the DagBag from /home/airflow/.local/lib/python3.7/site-packages/airflow/example_dags/example_latest_only.py
[2022-08-27 17:21:25,533] {processor.py:651} INFO - DAG(s) dict_keys(['latest_only']) retrieved from /home/airflow/.local/lib/python3.7/site-packages/airflow/example_dags/example_latest_only.py
[2022-08-27 17:21:25,598] {logging_mixin.py:115} INFO - [2022-08-27 17:21:25,598] {dag.py:2371} INFO - Sync 1 DAGs
[2022-08-27 17:21:25,670] {logging_mixin.py:115} INFO - [2022-08-27 17:21:25,670] {dag.py:2919} INFO - Setting next_dagrun for latest_only to 2022-08-27T13:21:25.669898+00:00, run_after=2022-08-27T17:21:25.669898+00:00
[2022-08-27 17:21:25,729] {processor.py:161} INFO - Processing /home/airflow/.local/lib/python3.7/site-packages/airflow/example_dags/example_latest_only.py took 0.251 seconds
[2022-08-27 17:21:56,710] {processor.py:153} INFO - Started process (PID=287) to work on /home/airflow/.local/lib/python3.7/site-packages/airflow/example_dags/example_latest_only.py
[2022-08-27 17:21:56,728] {processor.py:641} INFO - Processing file /home/airflow/.local/lib/python3.7/site-packages/airflow/example_dags/example_latest_only.py for tasks to queue
[2022-08-27 17:21:56,729] {logging_mixin.py:115} INFO - [2022-08-27 17:21:56,729] {dagbag.py:507} INFO - Filling up the DagBag from /home/airflow/.local/lib/python3.7/site-packages/airflow/example_dags/example_latest_only.py
[2022-08-27 17:21:56,788] {processor.py:651} INFO - DAG(s) dict_keys(['latest_only']) retrieved from /home/airflow/.local/lib/python3.7/site-packages/airflow/example_dags/example_latest_only.py
[2022-08-27 17:21:56,985] {logging_mixin.py:115} INFO - [2022-08-27 17:21:56,985] {dag.py:2371} INFO - Sync 1 DAGs
[2022-08-27 17:21:57,138] {logging_mixin.py:115} INFO - [2022-08-27 17:21:57,138] {dag.py:2919} INFO - Setting next_dagrun for latest_only to 2022-08-27T13:21:57.137829+00:00, run_after=2022-08-27T17:21:57.137829+00:00
[2022-08-27 17:21:57,215] {processor.py:161} INFO - Processing /home/airflow/.local/lib/python3.7/site-packages/airflow/example_dags/example_latest_only.py took 0.559 seconds
