[2022-08-27 17:19:50,095] {processor.py:153} INFO - Started process (PID=71) to work on /home/airflow/.local/lib/python3.7/site-packages/airflow/example_dags/example_external_task_marker_dag.py
[2022-08-27 17:19:50,095] {processor.py:641} INFO - Processing file /home/airflow/.local/lib/python3.7/site-packages/airflow/example_dags/example_external_task_marker_dag.py for tasks to queue
[2022-08-27 17:19:50,096] {logging_mixin.py:115} INFO - [2022-08-27 17:19:50,096] {dagbag.py:507} INFO - Filling up the DagBag from /home/airflow/.local/lib/python3.7/site-packages/airflow/example_dags/example_external_task_marker_dag.py
[2022-08-27 17:19:50,141] {processor.py:651} INFO - DAG(s) dict_keys(['example_external_task_marker_parent', 'example_external_task_marker_child']) retrieved from /home/airflow/.local/lib/python3.7/site-packages/airflow/example_dags/example_external_task_marker_dag.py
[2022-08-27 17:19:50,520] {logging_mixin.py:115} INFO - [2022-08-27 17:19:50,520] {dag.py:2371} INFO - Sync 2 DAGs
[2022-08-27 17:19:50,706] {logging_mixin.py:115} INFO - [2022-08-27 17:19:50,706] {dag.py:2919} INFO - Setting next_dagrun for example_external_task_marker_child to None, run_after=None
[2022-08-27 17:19:50,706] {logging_mixin.py:115} INFO - [2022-08-27 17:19:50,706] {dag.py:2919} INFO - Setting next_dagrun for example_external_task_marker_parent to None, run_after=None
[2022-08-27 17:19:50,913] {processor.py:161} INFO - Processing /home/airflow/.local/lib/python3.7/site-packages/airflow/example_dags/example_external_task_marker_dag.py took 0.840 seconds
[2022-08-27 17:20:21,218] {processor.py:153} INFO - Started process (PID=120) to work on /home/airflow/.local/lib/python3.7/site-packages/airflow/example_dags/example_external_task_marker_dag.py
[2022-08-27 17:20:21,221] {processor.py:641} INFO - Processing file /home/airflow/.local/lib/python3.7/site-packages/airflow/example_dags/example_external_task_marker_dag.py for tasks to queue
[2022-08-27 17:20:21,222] {logging_mixin.py:115} INFO - [2022-08-27 17:20:21,222] {dagbag.py:507} INFO - Filling up the DagBag from /home/airflow/.local/lib/python3.7/site-packages/airflow/example_dags/example_external_task_marker_dag.py
[2022-08-27 17:20:21,237] {processor.py:651} INFO - DAG(s) dict_keys(['example_external_task_marker_parent', 'example_external_task_marker_child']) retrieved from /home/airflow/.local/lib/python3.7/site-packages/airflow/example_dags/example_external_task_marker_dag.py
[2022-08-27 17:20:21,401] {logging_mixin.py:115} INFO - [2022-08-27 17:20:21,401] {dag.py:2371} INFO - Sync 2 DAGs
[2022-08-27 17:20:21,477] {logging_mixin.py:115} INFO - [2022-08-27 17:20:21,477] {dag.py:2919} INFO - Setting next_dagrun for example_external_task_marker_child to None, run_after=None
[2022-08-27 17:20:21,478] {logging_mixin.py:115} INFO - [2022-08-27 17:20:21,478] {dag.py:2919} INFO - Setting next_dagrun for example_external_task_marker_parent to None, run_after=None
[2022-08-27 17:20:21,519] {processor.py:161} INFO - Processing /home/airflow/.local/lib/python3.7/site-packages/airflow/example_dags/example_external_task_marker_dag.py took 0.316 seconds
[2022-08-27 17:20:52,007] {processor.py:153} INFO - Started process (PID=170) to work on /home/airflow/.local/lib/python3.7/site-packages/airflow/example_dags/example_external_task_marker_dag.py
[2022-08-27 17:20:52,012] {processor.py:641} INFO - Processing file /home/airflow/.local/lib/python3.7/site-packages/airflow/example_dags/example_external_task_marker_dag.py for tasks to queue
[2022-08-27 17:20:52,013] {logging_mixin.py:115} INFO - [2022-08-27 17:20:52,013] {dagbag.py:507} INFO - Filling up the DagBag from /home/airflow/.local/lib/python3.7/site-packages/airflow/example_dags/example_external_task_marker_dag.py
[2022-08-27 17:20:52,059] {processor.py:651} INFO - DAG(s) dict_keys(['example_external_task_marker_parent', 'example_external_task_marker_child']) retrieved from /home/airflow/.local/lib/python3.7/site-packages/airflow/example_dags/example_external_task_marker_dag.py
[2022-08-27 17:20:52,292] {logging_mixin.py:115} INFO - [2022-08-27 17:20:52,292] {dag.py:2371} INFO - Sync 2 DAGs
[2022-08-27 17:20:52,352] {logging_mixin.py:115} INFO - [2022-08-27 17:20:52,352] {dag.py:2919} INFO - Setting next_dagrun for example_external_task_marker_child to None, run_after=None
[2022-08-27 17:20:52,352] {logging_mixin.py:115} INFO - [2022-08-27 17:20:52,352] {dag.py:2919} INFO - Setting next_dagrun for example_external_task_marker_parent to None, run_after=None
[2022-08-27 17:20:52,370] {processor.py:161} INFO - Processing /home/airflow/.local/lib/python3.7/site-packages/airflow/example_dags/example_external_task_marker_dag.py took 0.393 seconds
[2022-08-27 17:21:23,081] {processor.py:153} INFO - Started process (PID=222) to work on /home/airflow/.local/lib/python3.7/site-packages/airflow/example_dags/example_external_task_marker_dag.py
[2022-08-27 17:21:23,081] {processor.py:641} INFO - Processing file /home/airflow/.local/lib/python3.7/site-packages/airflow/example_dags/example_external_task_marker_dag.py for tasks to queue
[2022-08-27 17:21:23,082] {logging_mixin.py:115} INFO - [2022-08-27 17:21:23,082] {dagbag.py:507} INFO - Filling up the DagBag from /home/airflow/.local/lib/python3.7/site-packages/airflow/example_dags/example_external_task_marker_dag.py
[2022-08-27 17:21:23,087] {processor.py:651} INFO - DAG(s) dict_keys(['example_external_task_marker_parent', 'example_external_task_marker_child']) retrieved from /home/airflow/.local/lib/python3.7/site-packages/airflow/example_dags/example_external_task_marker_dag.py
[2022-08-27 17:21:23,144] {logging_mixin.py:115} INFO - [2022-08-27 17:21:23,144] {dag.py:2371} INFO - Sync 2 DAGs
[2022-08-27 17:21:23,169] {logging_mixin.py:115} INFO - [2022-08-27 17:21:23,169] {dag.py:2919} INFO - Setting next_dagrun for example_external_task_marker_child to None, run_after=None
[2022-08-27 17:21:23,169] {logging_mixin.py:115} INFO - [2022-08-27 17:21:23,169] {dag.py:2919} INFO - Setting next_dagrun for example_external_task_marker_parent to None, run_after=None
[2022-08-27 17:21:23,183] {processor.py:161} INFO - Processing /home/airflow/.local/lib/python3.7/site-packages/airflow/example_dags/example_external_task_marker_dag.py took 0.108 seconds
[2022-08-27 17:21:53,955] {processor.py:153} INFO - Started process (PID=283) to work on /home/airflow/.local/lib/python3.7/site-packages/airflow/example_dags/example_external_task_marker_dag.py
[2022-08-27 17:21:53,956] {processor.py:641} INFO - Processing file /home/airflow/.local/lib/python3.7/site-packages/airflow/example_dags/example_external_task_marker_dag.py for tasks to queue
[2022-08-27 17:21:53,957] {logging_mixin.py:115} INFO - [2022-08-27 17:21:53,957] {dagbag.py:507} INFO - Filling up the DagBag from /home/airflow/.local/lib/python3.7/site-packages/airflow/example_dags/example_external_task_marker_dag.py
[2022-08-27 17:21:53,964] {processor.py:651} INFO - DAG(s) dict_keys(['example_external_task_marker_parent', 'example_external_task_marker_child']) retrieved from /home/airflow/.local/lib/python3.7/site-packages/airflow/example_dags/example_external_task_marker_dag.py
[2022-08-27 17:21:54,036] {logging_mixin.py:115} INFO - [2022-08-27 17:21:54,035] {dag.py:2371} INFO - Sync 2 DAGs
[2022-08-27 17:21:54,061] {logging_mixin.py:115} INFO - [2022-08-27 17:21:54,061] {dag.py:2919} INFO - Setting next_dagrun for example_external_task_marker_child to None, run_after=None
[2022-08-27 17:21:54,061] {logging_mixin.py:115} INFO - [2022-08-27 17:21:54,061] {dag.py:2919} INFO - Setting next_dagrun for example_external_task_marker_parent to None, run_after=None
[2022-08-27 17:21:54,074] {processor.py:161} INFO - Processing /home/airflow/.local/lib/python3.7/site-packages/airflow/example_dags/example_external_task_marker_dag.py took 0.125 seconds
