[2022-08-27 17:19:51,854] {processor.py:153} INFO - Started process (PID=73) to work on /home/airflow/.local/lib/python3.7/site-packages/airflow/example_dags/example_short_circuit_operator.py
[2022-08-27 17:19:51,855] {processor.py:641} INFO - Processing file /home/airflow/.local/lib/python3.7/site-packages/airflow/example_dags/example_short_circuit_operator.py for tasks to queue
[2022-08-27 17:19:51,856] {logging_mixin.py:115} INFO - [2022-08-27 17:19:51,856] {dagbag.py:507} INFO - Filling up the DagBag from /home/airflow/.local/lib/python3.7/site-packages/airflow/example_dags/example_short_circuit_operator.py
[2022-08-27 17:19:51,986] {processor.py:651} INFO - DAG(s) dict_keys(['example_short_circuit_operator']) retrieved from /home/airflow/.local/lib/python3.7/site-packages/airflow/example_dags/example_short_circuit_operator.py
[2022-08-27 17:19:52,353] {logging_mixin.py:115} INFO - [2022-08-27 17:19:52,353] {dag.py:2371} INFO - Sync 1 DAGs
[2022-08-27 17:19:52,625] {logging_mixin.py:115} INFO - [2022-08-27 17:19:52,624] {dag.py:2919} INFO - Setting next_dagrun for example_short_circuit_operator to 2022-08-26T17:19:52.624383+00:00, run_after=2022-08-27T17:19:52.624383+00:00
[2022-08-27 17:19:52,782] {processor.py:161} INFO - Processing /home/airflow/.local/lib/python3.7/site-packages/airflow/example_dags/example_short_circuit_operator.py took 0.941 seconds
[2022-08-27 17:20:23,624] {processor.py:153} INFO - Started process (PID=123) to work on /home/airflow/.local/lib/python3.7/site-packages/airflow/example_dags/example_short_circuit_operator.py
[2022-08-27 17:20:23,636] {processor.py:641} INFO - Processing file /home/airflow/.local/lib/python3.7/site-packages/airflow/example_dags/example_short_circuit_operator.py for tasks to queue
[2022-08-27 17:20:23,636] {logging_mixin.py:115} INFO - [2022-08-27 17:20:23,636] {dagbag.py:507} INFO - Filling up the DagBag from /home/airflow/.local/lib/python3.7/site-packages/airflow/example_dags/example_short_circuit_operator.py
[2022-08-27 17:20:23,698] {processor.py:651} INFO - DAG(s) dict_keys(['example_short_circuit_operator']) retrieved from /home/airflow/.local/lib/python3.7/site-packages/airflow/example_dags/example_short_circuit_operator.py
[2022-08-27 17:20:23,800] {logging_mixin.py:115} INFO - [2022-08-27 17:20:23,800] {dag.py:2371} INFO - Sync 1 DAGs
[2022-08-27 17:20:23,907] {logging_mixin.py:115} INFO - [2022-08-27 17:20:23,907] {dag.py:2919} INFO - Setting next_dagrun for example_short_circuit_operator to 2022-08-26T17:20:23.907163+00:00, run_after=2022-08-27T17:20:23.907163+00:00
[2022-08-27 17:20:23,963] {processor.py:161} INFO - Processing /home/airflow/.local/lib/python3.7/site-packages/airflow/example_dags/example_short_circuit_operator.py took 0.357 seconds
[2022-08-27 17:20:54,198] {processor.py:153} INFO - Started process (PID=173) to work on /home/airflow/.local/lib/python3.7/site-packages/airflow/example_dags/example_short_circuit_operator.py
[2022-08-27 17:20:54,239] {processor.py:641} INFO - Processing file /home/airflow/.local/lib/python3.7/site-packages/airflow/example_dags/example_short_circuit_operator.py for tasks to queue
[2022-08-27 17:20:54,239] {logging_mixin.py:115} INFO - [2022-08-27 17:20:54,239] {dagbag.py:507} INFO - Filling up the DagBag from /home/airflow/.local/lib/python3.7/site-packages/airflow/example_dags/example_short_circuit_operator.py
[2022-08-27 17:20:54,262] {processor.py:651} INFO - DAG(s) dict_keys(['example_short_circuit_operator']) retrieved from /home/airflow/.local/lib/python3.7/site-packages/airflow/example_dags/example_short_circuit_operator.py
[2022-08-27 17:20:54,307] {logging_mixin.py:115} INFO - [2022-08-27 17:20:54,307] {dag.py:2371} INFO - Sync 1 DAGs
[2022-08-27 17:20:54,344] {logging_mixin.py:115} INFO - [2022-08-27 17:20:54,344] {dag.py:2919} INFO - Setting next_dagrun for example_short_circuit_operator to 2022-08-26T17:20:54.344045+00:00, run_after=2022-08-27T17:20:54.344045+00:00
[2022-08-27 17:20:54,362] {processor.py:161} INFO - Processing /home/airflow/.local/lib/python3.7/site-packages/airflow/example_dags/example_short_circuit_operator.py took 0.170 seconds
[2022-08-27 17:21:25,234] {processor.py:153} INFO - Started process (PID=234) to work on /home/airflow/.local/lib/python3.7/site-packages/airflow/example_dags/example_short_circuit_operator.py
[2022-08-27 17:21:25,234] {processor.py:641} INFO - Processing file /home/airflow/.local/lib/python3.7/site-packages/airflow/example_dags/example_short_circuit_operator.py for tasks to queue
[2022-08-27 17:21:25,235] {logging_mixin.py:115} INFO - [2022-08-27 17:21:25,235] {dagbag.py:507} INFO - Filling up the DagBag from /home/airflow/.local/lib/python3.7/site-packages/airflow/example_dags/example_short_circuit_operator.py
[2022-08-27 17:21:25,287] {processor.py:651} INFO - DAG(s) dict_keys(['example_short_circuit_operator']) retrieved from /home/airflow/.local/lib/python3.7/site-packages/airflow/example_dags/example_short_circuit_operator.py
[2022-08-27 17:21:25,361] {logging_mixin.py:115} INFO - [2022-08-27 17:21:25,361] {dag.py:2371} INFO - Sync 1 DAGs
[2022-08-27 17:21:25,434] {logging_mixin.py:115} INFO - [2022-08-27 17:21:25,434] {dag.py:2919} INFO - Setting next_dagrun for example_short_circuit_operator to 2022-08-26T17:21:25.433709+00:00, run_after=2022-08-27T17:21:25.433709+00:00
[2022-08-27 17:21:25,455] {processor.py:161} INFO - Processing /home/airflow/.local/lib/python3.7/site-packages/airflow/example_dags/example_short_circuit_operator.py took 0.233 seconds
[2022-08-27 17:21:56,188] {processor.py:153} INFO - Started process (PID=286) to work on /home/airflow/.local/lib/python3.7/site-packages/airflow/example_dags/example_short_circuit_operator.py
[2022-08-27 17:21:56,193] {processor.py:641} INFO - Processing file /home/airflow/.local/lib/python3.7/site-packages/airflow/example_dags/example_short_circuit_operator.py for tasks to queue
[2022-08-27 17:21:56,194] {logging_mixin.py:115} INFO - [2022-08-27 17:21:56,194] {dagbag.py:507} INFO - Filling up the DagBag from /home/airflow/.local/lib/python3.7/site-packages/airflow/example_dags/example_short_circuit_operator.py
[2022-08-27 17:21:56,300] {processor.py:651} INFO - DAG(s) dict_keys(['example_short_circuit_operator']) retrieved from /home/airflow/.local/lib/python3.7/site-packages/airflow/example_dags/example_short_circuit_operator.py
[2022-08-27 17:21:56,450] {logging_mixin.py:115} INFO - [2022-08-27 17:21:56,450] {dag.py:2371} INFO - Sync 1 DAGs
[2022-08-27 17:21:56,556] {logging_mixin.py:115} INFO - [2022-08-27 17:21:56,556] {dag.py:2919} INFO - Setting next_dagrun for example_short_circuit_operator to 2022-08-26T17:21:56.555967+00:00, run_after=2022-08-27T17:21:56.555967+00:00
[2022-08-27 17:21:56,601] {processor.py:161} INFO - Processing /home/airflow/.local/lib/python3.7/site-packages/airflow/example_dags/example_short_circuit_operator.py took 0.434 seconds
