[2022-08-27 17:19:56,874] {processor.py:153} INFO - Started process (PID=83) to work on /home/airflow/.local/lib/python3.7/site-packages/airflow/example_dags/example_bash_operator.py
[2022-08-27 17:19:56,875] {processor.py:641} INFO - Processing file /home/airflow/.local/lib/python3.7/site-packages/airflow/example_dags/example_bash_operator.py for tasks to queue
[2022-08-27 17:19:56,876] {logging_mixin.py:115} INFO - [2022-08-27 17:19:56,876] {dagbag.py:507} INFO - Filling up the DagBag from /home/airflow/.local/lib/python3.7/site-packages/airflow/example_dags/example_bash_operator.py
[2022-08-27 17:19:56,994] {processor.py:651} INFO - DAG(s) dict_keys(['example_bash_operator']) retrieved from /home/airflow/.local/lib/python3.7/site-packages/airflow/example_dags/example_bash_operator.py
[2022-08-27 17:19:57,236] {logging_mixin.py:115} INFO - [2022-08-27 17:19:57,236] {dag.py:2371} INFO - Sync 1 DAGs
[2022-08-27 17:19:57,425] {logging_mixin.py:115} INFO - [2022-08-27 17:19:57,420] {dag.py:2919} INFO - Setting next_dagrun for example_bash_operator to 2022-08-27T00:00:00+00:00, run_after=2022-08-28T00:00:00+00:00
[2022-08-27 17:19:57,477] {processor.py:161} INFO - Processing /home/airflow/.local/lib/python3.7/site-packages/airflow/example_dags/example_bash_operator.py took 0.634 seconds
[2022-08-27 17:20:27,803] {processor.py:153} INFO - Started process (PID=132) to work on /home/airflow/.local/lib/python3.7/site-packages/airflow/example_dags/example_bash_operator.py
[2022-08-27 17:20:27,804] {processor.py:641} INFO - Processing file /home/airflow/.local/lib/python3.7/site-packages/airflow/example_dags/example_bash_operator.py for tasks to queue
[2022-08-27 17:20:27,805] {logging_mixin.py:115} INFO - [2022-08-27 17:20:27,805] {dagbag.py:507} INFO - Filling up the DagBag from /home/airflow/.local/lib/python3.7/site-packages/airflow/example_dags/example_bash_operator.py
[2022-08-27 17:20:27,831] {processor.py:651} INFO - DAG(s) dict_keys(['example_bash_operator']) retrieved from /home/airflow/.local/lib/python3.7/site-packages/airflow/example_dags/example_bash_operator.py
[2022-08-27 17:20:27,875] {logging_mixin.py:115} INFO - [2022-08-27 17:20:27,874] {dag.py:2371} INFO - Sync 1 DAGs
[2022-08-27 17:20:27,916] {logging_mixin.py:115} INFO - [2022-08-27 17:20:27,916] {dag.py:2919} INFO - Setting next_dagrun for example_bash_operator to 2022-08-27T00:00:00+00:00, run_after=2022-08-28T00:00:00+00:00
[2022-08-27 17:20:27,933] {processor.py:161} INFO - Processing /home/airflow/.local/lib/python3.7/site-packages/airflow/example_dags/example_bash_operator.py took 0.136 seconds
[2022-08-27 17:20:58,217] {processor.py:153} INFO - Started process (PID=182) to work on /home/airflow/.local/lib/python3.7/site-packages/airflow/example_dags/example_bash_operator.py
[2022-08-27 17:20:58,218] {processor.py:641} INFO - Processing file /home/airflow/.local/lib/python3.7/site-packages/airflow/example_dags/example_bash_operator.py for tasks to queue
[2022-08-27 17:20:58,219] {logging_mixin.py:115} INFO - [2022-08-27 17:20:58,219] {dagbag.py:507} INFO - Filling up the DagBag from /home/airflow/.local/lib/python3.7/site-packages/airflow/example_dags/example_bash_operator.py
[2022-08-27 17:20:58,245] {processor.py:651} INFO - DAG(s) dict_keys(['example_bash_operator']) retrieved from /home/airflow/.local/lib/python3.7/site-packages/airflow/example_dags/example_bash_operator.py
[2022-08-27 17:20:58,290] {logging_mixin.py:115} INFO - [2022-08-27 17:20:58,290] {dag.py:2371} INFO - Sync 1 DAGs
[2022-08-27 17:20:58,329] {logging_mixin.py:115} INFO - [2022-08-27 17:20:58,329] {dag.py:2919} INFO - Setting next_dagrun for example_bash_operator to 2022-08-27T00:00:00+00:00, run_after=2022-08-28T00:00:00+00:00
[2022-08-27 17:20:58,345] {processor.py:161} INFO - Processing /home/airflow/.local/lib/python3.7/site-packages/airflow/example_dags/example_bash_operator.py took 0.135 seconds
[2022-08-27 17:21:28,420] {processor.py:153} INFO - Started process (PID=243) to work on /home/airflow/.local/lib/python3.7/site-packages/airflow/example_dags/example_bash_operator.py
[2022-08-27 17:21:28,421] {processor.py:641} INFO - Processing file /home/airflow/.local/lib/python3.7/site-packages/airflow/example_dags/example_bash_operator.py for tasks to queue
[2022-08-27 17:21:28,425] {logging_mixin.py:115} INFO - [2022-08-27 17:21:28,422] {dagbag.py:507} INFO - Filling up the DagBag from /home/airflow/.local/lib/python3.7/site-packages/airflow/example_dags/example_bash_operator.py
[2022-08-27 17:21:28,461] {processor.py:651} INFO - DAG(s) dict_keys(['example_bash_operator']) retrieved from /home/airflow/.local/lib/python3.7/site-packages/airflow/example_dags/example_bash_operator.py
[2022-08-27 17:21:28,521] {logging_mixin.py:115} INFO - [2022-08-27 17:21:28,521] {dag.py:2371} INFO - Sync 1 DAGs
[2022-08-27 17:21:28,569] {logging_mixin.py:115} INFO - [2022-08-27 17:21:28,569] {dag.py:2919} INFO - Setting next_dagrun for example_bash_operator to 2022-08-27T00:00:00+00:00, run_after=2022-08-28T00:00:00+00:00
[2022-08-27 17:21:28,597] {processor.py:161} INFO - Processing /home/airflow/.local/lib/python3.7/site-packages/airflow/example_dags/example_bash_operator.py took 0.183 seconds
[2022-08-27 17:21:59,465] {processor.py:153} INFO - Started process (PID=295) to work on /home/airflow/.local/lib/python3.7/site-packages/airflow/example_dags/example_bash_operator.py
[2022-08-27 17:21:59,467] {processor.py:641} INFO - Processing file /home/airflow/.local/lib/python3.7/site-packages/airflow/example_dags/example_bash_operator.py for tasks to queue
[2022-08-27 17:21:59,467] {logging_mixin.py:115} INFO - [2022-08-27 17:21:59,467] {dagbag.py:507} INFO - Filling up the DagBag from /home/airflow/.local/lib/python3.7/site-packages/airflow/example_dags/example_bash_operator.py
[2022-08-27 17:21:59,493] {processor.py:651} INFO - DAG(s) dict_keys(['example_bash_operator']) retrieved from /home/airflow/.local/lib/python3.7/site-packages/airflow/example_dags/example_bash_operator.py
[2022-08-27 17:21:59,537] {logging_mixin.py:115} INFO - [2022-08-27 17:21:59,537] {dag.py:2371} INFO - Sync 1 DAGs
[2022-08-27 17:21:59,575] {logging_mixin.py:115} INFO - [2022-08-27 17:21:59,575] {dag.py:2919} INFO - Setting next_dagrun for example_bash_operator to 2022-08-27T00:00:00+00:00, run_after=2022-08-28T00:00:00+00:00
[2022-08-27 17:21:59,592] {processor.py:161} INFO - Processing /home/airflow/.local/lib/python3.7/site-packages/airflow/example_dags/example_bash_operator.py took 0.133 seconds
