[2022-08-27 17:19:52,939] {processor.py:153} INFO - Started process (PID=75) to work on /home/airflow/.local/lib/python3.7/site-packages/airflow/example_dags/example_subdag_operator.py
[2022-08-27 17:19:52,940] {processor.py:641} INFO - Processing file /home/airflow/.local/lib/python3.7/site-packages/airflow/example_dags/example_subdag_operator.py for tasks to queue
[2022-08-27 17:19:52,953] {logging_mixin.py:115} INFO - [2022-08-27 17:19:52,940] {dagbag.py:507} INFO - Filling up the DagBag from /home/airflow/.local/lib/python3.7/site-packages/airflow/example_dags/example_subdag_operator.py
[2022-08-27 17:19:53,115] {processor.py:651} INFO - DAG(s) dict_keys(['example_subdag_operator.section-1', 'example_subdag_operator.section-2', 'example_subdag_operator']) retrieved from /home/airflow/.local/lib/python3.7/site-packages/airflow/example_dags/example_subdag_operator.py
[2022-08-27 17:19:53,857] {logging_mixin.py:115} INFO - [2022-08-27 17:19:53,857] {dag.py:2371} INFO - Sync 3 DAGs
[2022-08-27 17:19:54,014] {logging_mixin.py:115} INFO - [2022-08-27 17:19:54,013] {dag.py:2919} INFO - Setting next_dagrun for example_subdag_operator to 2022-08-25T00:00:00+00:00, run_after=2022-08-25T00:00:00+00:00
[2022-08-27 17:19:54,014] {logging_mixin.py:115} INFO - [2022-08-27 17:19:54,014] {dag.py:2919} INFO - Setting next_dagrun for example_subdag_operator.section-1 to None, run_after=None
[2022-08-27 17:19:54,014] {logging_mixin.py:115} INFO - [2022-08-27 17:19:54,014] {dag.py:2919} INFO - Setting next_dagrun for example_subdag_operator.section-2 to None, run_after=None
[2022-08-27 17:19:54,089] {logging_mixin.py:115} INFO - [2022-08-27 17:19:54,089] {dag.py:2371} INFO - Sync 2 DAGs
[2022-08-27 17:19:54,126] {logging_mixin.py:115} INFO - [2022-08-27 17:19:54,126] {dag.py:2919} INFO - Setting next_dagrun for example_subdag_operator.section-1 to None, run_after=None
[2022-08-27 17:19:54,126] {logging_mixin.py:115} INFO - [2022-08-27 17:19:54,126] {dag.py:2919} INFO - Setting next_dagrun for example_subdag_operator.section-2 to None, run_after=None
[2022-08-27 17:19:54,177] {processor.py:161} INFO - Processing /home/airflow/.local/lib/python3.7/site-packages/airflow/example_dags/example_subdag_operator.py took 1.279 seconds
[2022-08-27 17:20:24,443] {processor.py:153} INFO - Started process (PID=126) to work on /home/airflow/.local/lib/python3.7/site-packages/airflow/example_dags/example_subdag_operator.py
[2022-08-27 17:20:24,451] {processor.py:641} INFO - Processing file /home/airflow/.local/lib/python3.7/site-packages/airflow/example_dags/example_subdag_operator.py for tasks to queue
[2022-08-27 17:20:24,452] {logging_mixin.py:115} INFO - [2022-08-27 17:20:24,452] {dagbag.py:507} INFO - Filling up the DagBag from /home/airflow/.local/lib/python3.7/site-packages/airflow/example_dags/example_subdag_operator.py
[2022-08-27 17:20:24,571] {processor.py:651} INFO - DAG(s) dict_keys(['example_subdag_operator.section-1', 'example_subdag_operator.section-2', 'example_subdag_operator']) retrieved from /home/airflow/.local/lib/python3.7/site-packages/airflow/example_dags/example_subdag_operator.py
[2022-08-27 17:20:24,729] {logging_mixin.py:115} INFO - [2022-08-27 17:20:24,729] {dag.py:2371} INFO - Sync 3 DAGs
[2022-08-27 17:20:24,819] {logging_mixin.py:115} INFO - [2022-08-27 17:20:24,819] {dag.py:2919} INFO - Setting next_dagrun for example_subdag_operator to 2022-08-25T00:00:00+00:00, run_after=2022-08-25T00:00:00+00:00
[2022-08-27 17:20:24,819] {logging_mixin.py:115} INFO - [2022-08-27 17:20:24,819] {dag.py:2919} INFO - Setting next_dagrun for example_subdag_operator.section-1 to None, run_after=None
[2022-08-27 17:20:24,820] {logging_mixin.py:115} INFO - [2022-08-27 17:20:24,820] {dag.py:2919} INFO - Setting next_dagrun for example_subdag_operator.section-2 to None, run_after=None
[2022-08-27 17:20:24,849] {logging_mixin.py:115} INFO - [2022-08-27 17:20:24,849] {dag.py:2371} INFO - Sync 2 DAGs
[2022-08-27 17:20:24,861] {logging_mixin.py:115} INFO - [2022-08-27 17:20:24,861] {dag.py:2919} INFO - Setting next_dagrun for example_subdag_operator.section-1 to None, run_after=None
[2022-08-27 17:20:24,861] {logging_mixin.py:115} INFO - [2022-08-27 17:20:24,861] {dag.py:2919} INFO - Setting next_dagrun for example_subdag_operator.section-2 to None, run_after=None
[2022-08-27 17:20:24,879] {processor.py:161} INFO - Processing /home/airflow/.local/lib/python3.7/site-packages/airflow/example_dags/example_subdag_operator.py took 0.463 seconds
[2022-08-27 17:20:55,799] {processor.py:153} INFO - Started process (PID=176) to work on /home/airflow/.local/lib/python3.7/site-packages/airflow/example_dags/example_subdag_operator.py
[2022-08-27 17:20:55,800] {processor.py:641} INFO - Processing file /home/airflow/.local/lib/python3.7/site-packages/airflow/example_dags/example_subdag_operator.py for tasks to queue
[2022-08-27 17:20:55,801] {logging_mixin.py:115} INFO - [2022-08-27 17:20:55,801] {dagbag.py:507} INFO - Filling up the DagBag from /home/airflow/.local/lib/python3.7/site-packages/airflow/example_dags/example_subdag_operator.py
[2022-08-27 17:20:55,849] {processor.py:651} INFO - DAG(s) dict_keys(['example_subdag_operator.section-1', 'example_subdag_operator.section-2', 'example_subdag_operator']) retrieved from /home/airflow/.local/lib/python3.7/site-packages/airflow/example_dags/example_subdag_operator.py
[2022-08-27 17:20:55,931] {logging_mixin.py:115} INFO - [2022-08-27 17:20:55,930] {dag.py:2371} INFO - Sync 3 DAGs
[2022-08-27 17:20:55,977] {logging_mixin.py:115} INFO - [2022-08-27 17:20:55,976] {dag.py:2919} INFO - Setting next_dagrun for example_subdag_operator to 2022-08-25T00:00:00+00:00, run_after=2022-08-25T00:00:00+00:00
[2022-08-27 17:20:55,977] {logging_mixin.py:115} INFO - [2022-08-27 17:20:55,977] {dag.py:2919} INFO - Setting next_dagrun for example_subdag_operator.section-1 to None, run_after=None
[2022-08-27 17:20:55,977] {logging_mixin.py:115} INFO - [2022-08-27 17:20:55,977] {dag.py:2919} INFO - Setting next_dagrun for example_subdag_operator.section-2 to None, run_after=None
[2022-08-27 17:20:55,988] {logging_mixin.py:115} INFO - [2022-08-27 17:20:55,988] {dag.py:2371} INFO - Sync 2 DAGs
[2022-08-27 17:20:55,995] {logging_mixin.py:115} INFO - [2022-08-27 17:20:55,995] {dag.py:2919} INFO - Setting next_dagrun for example_subdag_operator.section-1 to None, run_after=None
[2022-08-27 17:20:55,996] {logging_mixin.py:115} INFO - [2022-08-27 17:20:55,996] {dag.py:2919} INFO - Setting next_dagrun for example_subdag_operator.section-2 to None, run_after=None
[2022-08-27 17:20:56,006] {processor.py:161} INFO - Processing /home/airflow/.local/lib/python3.7/site-packages/airflow/example_dags/example_subdag_operator.py took 0.213 seconds
[2022-08-27 17:21:26,047] {processor.py:153} INFO - Started process (PID=237) to work on /home/airflow/.local/lib/python3.7/site-packages/airflow/example_dags/example_subdag_operator.py
[2022-08-27 17:21:26,048] {processor.py:641} INFO - Processing file /home/airflow/.local/lib/python3.7/site-packages/airflow/example_dags/example_subdag_operator.py for tasks to queue
[2022-08-27 17:21:26,050] {logging_mixin.py:115} INFO - [2022-08-27 17:21:26,049] {dagbag.py:507} INFO - Filling up the DagBag from /home/airflow/.local/lib/python3.7/site-packages/airflow/example_dags/example_subdag_operator.py
[2022-08-27 17:21:26,101] {processor.py:651} INFO - DAG(s) dict_keys(['example_subdag_operator.section-1', 'example_subdag_operator.section-2', 'example_subdag_operator']) retrieved from /home/airflow/.local/lib/python3.7/site-packages/airflow/example_dags/example_subdag_operator.py
[2022-08-27 17:21:26,159] {logging_mixin.py:115} INFO - [2022-08-27 17:21:26,159] {dag.py:2371} INFO - Sync 3 DAGs
[2022-08-27 17:21:26,197] {logging_mixin.py:115} INFO - [2022-08-27 17:21:26,196] {dag.py:2919} INFO - Setting next_dagrun for example_subdag_operator to 2022-08-25T00:00:00+00:00, run_after=2022-08-25T00:00:00+00:00
[2022-08-27 17:21:26,197] {logging_mixin.py:115} INFO - [2022-08-27 17:21:26,197] {dag.py:2919} INFO - Setting next_dagrun for example_subdag_operator.section-1 to None, run_after=None
[2022-08-27 17:21:26,197] {logging_mixin.py:115} INFO - [2022-08-27 17:21:26,197] {dag.py:2919} INFO - Setting next_dagrun for example_subdag_operator.section-2 to None, run_after=None
[2022-08-27 17:21:26,208] {logging_mixin.py:115} INFO - [2022-08-27 17:21:26,208] {dag.py:2371} INFO - Sync 2 DAGs
[2022-08-27 17:21:26,216] {logging_mixin.py:115} INFO - [2022-08-27 17:21:26,216] {dag.py:2919} INFO - Setting next_dagrun for example_subdag_operator.section-1 to None, run_after=None
[2022-08-27 17:21:26,217] {logging_mixin.py:115} INFO - [2022-08-27 17:21:26,217] {dag.py:2919} INFO - Setting next_dagrun for example_subdag_operator.section-2 to None, run_after=None
[2022-08-27 17:21:26,227] {processor.py:161} INFO - Processing /home/airflow/.local/lib/python3.7/site-packages/airflow/example_dags/example_subdag_operator.py took 0.186 seconds
[2022-08-27 17:21:57,737] {processor.py:153} INFO - Started process (PID=289) to work on /home/airflow/.local/lib/python3.7/site-packages/airflow/example_dags/example_subdag_operator.py
[2022-08-27 17:21:57,776] {processor.py:641} INFO - Processing file /home/airflow/.local/lib/python3.7/site-packages/airflow/example_dags/example_subdag_operator.py for tasks to queue
[2022-08-27 17:21:57,777] {logging_mixin.py:115} INFO - [2022-08-27 17:21:57,777] {dagbag.py:507} INFO - Filling up the DagBag from /home/airflow/.local/lib/python3.7/site-packages/airflow/example_dags/example_subdag_operator.py
[2022-08-27 17:21:57,896] {processor.py:651} INFO - DAG(s) dict_keys(['example_subdag_operator.section-1', 'example_subdag_operator.section-2', 'example_subdag_operator']) retrieved from /home/airflow/.local/lib/python3.7/site-packages/airflow/example_dags/example_subdag_operator.py
[2022-08-27 17:21:58,037] {logging_mixin.py:115} INFO - [2022-08-27 17:21:58,037] {dag.py:2371} INFO - Sync 3 DAGs
[2022-08-27 17:21:58,101] {logging_mixin.py:115} INFO - [2022-08-27 17:21:58,101] {dag.py:2919} INFO - Setting next_dagrun for example_subdag_operator to 2022-08-25T00:00:00+00:00, run_after=2022-08-25T00:00:00+00:00
[2022-08-27 17:21:58,101] {logging_mixin.py:115} INFO - [2022-08-27 17:21:58,101] {dag.py:2919} INFO - Setting next_dagrun for example_subdag_operator.section-1 to None, run_after=None
[2022-08-27 17:21:58,102] {logging_mixin.py:115} INFO - [2022-08-27 17:21:58,102] {dag.py:2919} INFO - Setting next_dagrun for example_subdag_operator.section-2 to None, run_after=None
[2022-08-27 17:21:58,115] {logging_mixin.py:115} INFO - [2022-08-27 17:21:58,115] {dag.py:2371} INFO - Sync 2 DAGs
[2022-08-27 17:21:58,123] {logging_mixin.py:115} INFO - [2022-08-27 17:21:58,123] {dag.py:2919} INFO - Setting next_dagrun for example_subdag_operator.section-1 to None, run_after=None
[2022-08-27 17:21:58,123] {logging_mixin.py:115} INFO - [2022-08-27 17:21:58,123] {dag.py:2919} INFO - Setting next_dagrun for example_subdag_operator.section-2 to None, run_after=None
[2022-08-27 17:21:58,149] {processor.py:161} INFO - Processing /home/airflow/.local/lib/python3.7/site-packages/airflow/example_dags/example_subdag_operator.py took 0.434 seconds
