[2022-08-21 08:18:59,902] {taskinstance.py:1159} INFO - Dependencies all met for <TaskInstance: example_bash_operator.this_will_skip scheduled__2022-08-20T00:00:00+00:00 [queued]>
[2022-08-21 08:18:59,932] {taskinstance.py:1159} INFO - Dependencies all met for <TaskInstance: example_bash_operator.this_will_skip scheduled__2022-08-20T00:00:00+00:00 [queued]>
[2022-08-21 08:18:59,932] {taskinstance.py:1356} INFO - 
--------------------------------------------------------------------------------
[2022-08-21 08:18:59,932] {taskinstance.py:1357} INFO - Starting attempt 1 of 1
[2022-08-21 08:18:59,932] {taskinstance.py:1358} INFO - 
--------------------------------------------------------------------------------
[2022-08-21 08:19:00,015] {taskinstance.py:1377} INFO - Executing <Task(BashOperator): this_will_skip> on 2022-08-20 00:00:00+00:00
[2022-08-21 08:19:00,026] {standard_task_runner.py:52} INFO - Started process 151 to run task
[2022-08-21 08:19:00,052] {standard_task_runner.py:79} INFO - Running: ['***', 'tasks', 'run', 'example_bash_operator', 'this_will_skip', 'scheduled__2022-08-20T00:00:00+00:00', '--job-id', '6', '--raw', '--subdir', '/home/***/.local/lib/python3.7/site-packages/***/example_dags/example_bash_operator.py', '--cfg-path', '/tmp/tmpsi47rzsy', '--error-file', '/tmp/tmpl2fzf44z']
[2022-08-21 08:19:00,053] {standard_task_runner.py:80} INFO - Job 6: Subtask this_will_skip
[2022-08-21 08:19:00,196] {task_command.py:369} INFO - Running <TaskInstance: example_bash_operator.this_will_skip scheduled__2022-08-20T00:00:00+00:00 [running]> on host 7f0ff65cfbf7
[2022-08-21 08:19:01,420] {taskinstance.py:1571} INFO - Exporting the following env vars:
AIRFLOW_CTX_DAG_OWNER=***
AIRFLOW_CTX_DAG_ID=example_bash_operator
AIRFLOW_CTX_TASK_ID=this_will_skip
AIRFLOW_CTX_EXECUTION_DATE=2022-08-20T00:00:00+00:00
AIRFLOW_CTX_TRY_NUMBER=1
AIRFLOW_CTX_DAG_RUN_ID=scheduled__2022-08-20T00:00:00+00:00
[2022-08-21 08:19:01,421] {subprocess.py:62} INFO - Tmp dir root location: 
 /tmp
[2022-08-21 08:19:01,422] {subprocess.py:74} INFO - Running command: ['bash', '-c', 'echo "hello world"; exit 99;']
[2022-08-21 08:19:01,635] {subprocess.py:85} INFO - Output:
[2022-08-21 08:19:01,652] {subprocess.py:92} INFO - hello world
[2022-08-21 08:19:01,653] {subprocess.py:96} INFO - Command exited with return code 99
[2022-08-21 08:19:01,657] {taskinstance.py:1478} INFO - Bash command returned exit code 99. Skipping.
[2022-08-21 08:19:01,865] {taskinstance.py:1400} INFO - Marking task as SKIPPED. dag_id=example_bash_operator, task_id=this_will_skip, execution_date=20220820T000000, start_date=20220821T081859, end_date=20220821T081901
[2022-08-21 08:19:02,086] {local_task_job.py:156} INFO - Task exited with return code 0
[2022-08-21 08:19:02,534] {local_task_job.py:273} INFO - 0 downstream tasks scheduled from follow-on schedule check
