[2022-08-27 17:20:11,111] {taskinstance.py:1159} INFO - Dependencies all met for <TaskInstance: example_bash_operator.runme_2 scheduled__2022-08-26T00:00:00+00:00 [queued]>
[2022-08-27 17:20:11,305] {taskinstance.py:1159} INFO - Dependencies all met for <TaskInstance: example_bash_operator.runme_2 scheduled__2022-08-26T00:00:00+00:00 [queued]>
[2022-08-27 17:20:11,305] {taskinstance.py:1356} INFO - 
--------------------------------------------------------------------------------
[2022-08-27 17:20:11,305] {taskinstance.py:1357} INFO - Starting attempt 1 of 1
[2022-08-27 17:20:11,306] {taskinstance.py:1358} INFO - 
--------------------------------------------------------------------------------
[2022-08-27 17:20:11,709] {taskinstance.py:1377} INFO - Executing <Task(BashOperator): runme_2> on 2022-08-26 00:00:00+00:00
[2022-08-27 17:20:11,881] {standard_task_runner.py:52} INFO - Started process 99 to run task
[2022-08-27 17:20:11,986] {standard_task_runner.py:79} INFO - Running: ['***', 'tasks', 'run', 'example_bash_operator', 'runme_2', 'scheduled__2022-08-26T00:00:00+00:00', '--job-id', '46', '--raw', '--subdir', '/home/***/.local/lib/python3.7/site-packages/***/example_dags/example_bash_operator.py', '--cfg-path', '/tmp/tmpjsil2paa', '--error-file', '/tmp/tmpn634kye9']
[2022-08-27 17:20:11,987] {standard_task_runner.py:80} INFO - Job 46: Subtask runme_2
[2022-08-27 17:20:13,786] {task_command.py:369} INFO - Running <TaskInstance: example_bash_operator.runme_2 scheduled__2022-08-26T00:00:00+00:00 [running]> on host 7f0ff65cfbf7
[2022-08-27 17:20:16,862] {taskinstance.py:1571} INFO - Exporting the following env vars:
AIRFLOW_CTX_DAG_OWNER=***
AIRFLOW_CTX_DAG_ID=example_bash_operator
AIRFLOW_CTX_TASK_ID=runme_2
AIRFLOW_CTX_EXECUTION_DATE=2022-08-26T00:00:00+00:00
AIRFLOW_CTX_TRY_NUMBER=1
AIRFLOW_CTX_DAG_RUN_ID=scheduled__2022-08-26T00:00:00+00:00
[2022-08-27 17:20:16,864] {subprocess.py:62} INFO - Tmp dir root location: 
 /tmp
[2022-08-27 17:20:16,864] {subprocess.py:74} INFO - Running command: ['bash', '-c', 'echo "example_bash_operator__runme_2__20220826" && sleep 1']
[2022-08-27 17:20:17,443] {subprocess.py:85} INFO - Output:
[2022-08-27 17:20:17,492] {subprocess.py:92} INFO - example_bash_operator__runme_2__20220826
[2022-08-27 17:20:18,635] {subprocess.py:96} INFO - Command exited with return code 0
[2022-08-27 17:20:19,485] {taskinstance.py:1400} INFO - Marking task as SUCCESS. dag_id=example_bash_operator, task_id=runme_2, execution_date=20220826T000000, start_date=20220827T172011, end_date=20220827T172019
[2022-08-27 17:20:19,797] {local_task_job.py:156} INFO - Task exited with return code 0
[2022-08-27 17:20:20,051] {local_task_job.py:273} INFO - 0 downstream tasks scheduled from follow-on schedule check
