[2022-08-28 07:14:49,778] {taskinstance.py:1159} INFO - Dependencies all met for <TaskInstance: example_bash_operator.run_after_loop scheduled__2022-08-27T00:00:00+00:00 [queued]>
[2022-08-28 07:14:49,799] {taskinstance.py:1159} INFO - Dependencies all met for <TaskInstance: example_bash_operator.run_after_loop scheduled__2022-08-27T00:00:00+00:00 [queued]>
[2022-08-28 07:14:49,799] {taskinstance.py:1356} INFO - 
--------------------------------------------------------------------------------
[2022-08-28 07:14:49,799] {taskinstance.py:1357} INFO - Starting attempt 1 of 1
[2022-08-28 07:14:49,800] {taskinstance.py:1358} INFO - 
--------------------------------------------------------------------------------
[2022-08-28 07:14:49,841] {taskinstance.py:1377} INFO - Executing <Task(BashOperator): run_after_loop> on 2022-08-27 00:00:00+00:00
[2022-08-28 07:14:49,847] {standard_task_runner.py:52} INFO - Started process 73 to run task
[2022-08-28 07:14:49,860] {standard_task_runner.py:79} INFO - Running: ['***', 'tasks', 'run', 'example_bash_operator', 'run_after_loop', 'scheduled__2022-08-27T00:00:00+00:00', '--job-id', '75', '--raw', '--subdir', '/home/***/.local/lib/python3.7/site-packages/***/example_dags/example_bash_operator.py', '--cfg-path', '/tmp/tmpt3blaeca', '--error-file', '/tmp/tmpkx7aywd2']
[2022-08-28 07:14:49,861] {standard_task_runner.py:80} INFO - Job 75: Subtask run_after_loop
[2022-08-28 07:14:49,960] {task_command.py:369} INFO - Running <TaskInstance: example_bash_operator.run_after_loop scheduled__2022-08-27T00:00:00+00:00 [running]> on host 7f0ff65cfbf7
[2022-08-28 07:14:50,101] {taskinstance.py:1571} INFO - Exporting the following env vars:
AIRFLOW_CTX_DAG_OWNER=***
AIRFLOW_CTX_DAG_ID=example_bash_operator
AIRFLOW_CTX_TASK_ID=run_after_loop
AIRFLOW_CTX_EXECUTION_DATE=2022-08-27T00:00:00+00:00
AIRFLOW_CTX_TRY_NUMBER=1
AIRFLOW_CTX_DAG_RUN_ID=scheduled__2022-08-27T00:00:00+00:00
[2022-08-28 07:14:50,103] {subprocess.py:62} INFO - Tmp dir root location: 
 /tmp
[2022-08-28 07:14:50,103] {subprocess.py:74} INFO - Running command: ['bash', '-c', 'echo 1']
[2022-08-28 07:14:50,118] {subprocess.py:85} INFO - Output:
[2022-08-28 07:14:50,122] {subprocess.py:92} INFO - 1
[2022-08-28 07:14:50,122] {subprocess.py:96} INFO - Command exited with return code 0
[2022-08-28 07:14:50,174] {taskinstance.py:1400} INFO - Marking task as SUCCESS. dag_id=example_bash_operator, task_id=run_after_loop, execution_date=20220827T000000, start_date=20220828T071449, end_date=20220828T071450
[2022-08-28 07:14:50,203] {local_task_job.py:156} INFO - Task exited with return code 0
[2022-08-28 07:14:50,267] {local_task_job.py:273} INFO - 0 downstream tasks scheduled from follow-on schedule check
